Running SLURM prolog script on indigo52.cluster.local
===============================================================================
Job started on Sun Jul 13 00:54:33 BST 2025
Job ID          : 7571716
Job name        : Step01_train
WorkDir         : /mainfs/scratch/ym4c23/Mic/Step1_proof_of_concept
Command         : /mainfs/scratch/ym4c23/Mic/Step1_proof_of_concept/step01_train.slurm
Partition       : gpu
Num hosts       : 1
Num cores       : 8
Num of tasks    : 2
Hosts allocated : indigo52
Job Output Follows ...
===============================================================================
Job started on Sun Jul 13 00:54:43 BST 2025
Running on indigo52
CUDA devices: 0,1
Device used: cuda:0
Epoch 01/60 - Loss: 0.1577
Epoch 02/60 - Loss: 0.0596
Epoch 03/60 - Loss: 0.0466
Epoch 04/60 - Loss: 0.0371
Epoch 05/60 - Loss: 0.0322
Epoch 06/60 - Loss: 0.0272
Epoch 07/60 - Loss: 0.0246
Epoch 08/60 - Loss: 0.0239
Epoch 09/60 - Loss: 0.0219
Epoch 10/60 - Loss: 0.0196
Epoch 11/60 - Loss: 0.0188
Epoch 12/60 - Loss: 0.0190
Epoch 13/60 - Loss: 0.0180
Epoch 14/60 - Loss: 0.0167
Epoch 15/60 - Loss: 0.0161
Epoch 16/60 - Loss: 0.0153
Epoch 17/60 - Loss: 0.0148
Epoch 18/60 - Loss: 0.0143
Epoch 19/60 - Loss: 0.0138
Epoch 20/60 - Loss: 0.0141
Epoch 21/60 - Loss: 0.0138
Epoch 22/60 - Loss: 0.0125
Epoch 23/60 - Loss: 0.0128
Epoch 24/60 - Loss: 0.0121
Epoch 25/60 - Loss: 0.0116
Epoch 26/60 - Loss: 0.0125
Epoch 27/60 - Loss: 0.0107
Epoch 28/60 - Loss: 0.0118
Epoch 29/60 - Loss: 0.0102
Epoch 30/60 - Loss: 0.0102
Epoch 31/60 - Loss: 0.0102
Epoch 32/60 - Loss: 0.0102
Epoch 33/60 - Loss: 0.0105
Epoch 34/60 - Loss: 0.0116
Epoch 35/60 - Loss: 0.0112
Epoch 36/60 - Loss: 0.0071
Epoch 37/60 - Loss: 0.0066
Epoch 38/60 - Loss: 0.0065
Epoch 39/60 - Loss: 0.0064
Epoch 40/60 - Loss: 0.0061
Epoch 41/60 - Loss: 0.0061
Epoch 42/60 - Loss: 0.0062
Epoch 43/60 - Loss: 0.0060
Epoch 44/60 - Loss: 0.0057
Epoch 45/60 - Loss: 0.0057
Epoch 46/60 - Loss: 0.0055
Epoch 47/60 - Loss: 0.0056
Epoch 48/60 - Loss: 0.0056
Epoch 49/60 - Loss: 0.0054
Epoch 50/60 - Loss: 0.0054
Epoch 51/60 - Loss: 0.0057
Epoch 52/60 - Loss: 0.0059
Epoch 53/60 - Loss: 0.0057
Epoch 54/60 - Loss: 0.0041
Epoch 55/60 - Loss: 0.0040
Epoch 56/60 - Loss: 0.0039
Epoch 57/60 - Loss: 0.0040
Epoch 58/60 - Loss: 0.0041
Epoch 59/60 - Loss: 0.0041
Epoch 60/60 - Loss: 0.0032
Model saved to mamba_angle_model.pt
Job finished on Sun Jul 13 08:45:34 BST 2025
==============================================================================
Running epilogue script on indigo52.

Submit time  : 2025-07-12T21:48:31
Start time   : 2025-07-13T00:54:33
End time     : 2025-07-13T08:45:34
Elapsed time : 07:51:01 (Timelimit=10:00:00)

Job ID: 7571716
Cluster: i5
User/Group: ym4c23/fp
State: COMPLETED (exit code 0)
Nodes: 1
Cores per node: 8
CPU Utilized: 10:20:25
CPU Efficiency: 16.46% of 2-14:48:08 core-walltime
Job Wall-clock time: 07:51:01
Memory Utilized: 3.54 GB
Memory Efficiency: 0.00% of 16.00 B

