Running SLURM prolog script on indigo54.cluster.local
===============================================================================
Job started on Mon Aug  4 02:58:37 BST 2025
Job ID          : 7639686
Job name        : Step03_train
WorkDir         : /mainfs/scratch/ym4c23/Mic/Step3_
Command         : /mainfs/scratch/ym4c23/Mic/Step3_/step03_train.slurm
Partition       : gpu
Num hosts       : 1
Num cores       : 8
Num of tasks    : 2
Hosts allocated : indigo54
Job Output Follows ...
===============================================================================
Job started on Mon Aug  4 02:58:40 BST 2025
Running on indigo54
CUDA devices: 0,1
Device used: cuda:0
Epoch 01/60 - Loss: 0.3088
Epoch 02/60 - Loss: 0.1716
Epoch 03/60 - Loss: 0.1236
Epoch 04/60 - Loss: 0.1029
Epoch 05/60 - Loss: 0.0870
Epoch 06/60 - Loss: 0.0800
Epoch 07/60 - Loss: 0.0724
Epoch 08/60 - Loss: 0.0661
Epoch 09/60 - Loss: 0.0628
Epoch 10/60 - Loss: 0.0597
Epoch 11/60 - Loss: 0.0512
Epoch 12/60 - Loss: 0.0506
Epoch 13/60 - Loss: 0.0492
Epoch 14/60 - Loss: 0.0476
Epoch 15/60 - Loss: 0.0442
Epoch 16/60 - Loss: 0.0411
Epoch 17/60 - Loss: 0.0406
Epoch 18/60 - Loss: 0.0404
Epoch 19/60 - Loss: 0.0378
Epoch 20/60 - Loss: 0.0376
Epoch 21/60 - Loss: 0.0349
Epoch 22/60 - Loss: 0.0367
Epoch 23/60 - Loss: 0.0348
Epoch 24/60 - Loss: 0.0317
Epoch 25/60 - Loss: 0.0311
Epoch 26/60 - Loss: 0.0316
Epoch 27/60 - Loss: 0.0307
Epoch 28/60 - Loss: 0.0310
Epoch 29/60 - Loss: 0.0281
Epoch 30/60 - Loss: 0.0280
Epoch 31/60 - Loss: 0.0273
Epoch 32/60 - Loss: 0.0269
Epoch 33/60 - Loss: 0.0260
Epoch 34/60 - Loss: 0.0261
Epoch 35/60 - Loss: 0.0264
Epoch 36/60 - Loss: 0.0255
Epoch 37/60 - Loss: 0.0252
Epoch 38/60 - Loss: 0.0247
Epoch 39/60 - Loss: 0.0283
Epoch 40/60 - Loss: 0.0270
Epoch 41/60 - Loss: 0.0272
Epoch 42/60 - Loss: 0.0164
Epoch 43/60 - Loss: 0.0156
Epoch 44/60 - Loss: 0.0146
Epoch 45/60 - Loss: 0.0167
Epoch 46/60 - Loss: 0.0159
Epoch 47/60 - Loss: 0.0161
Epoch 48/60 - Loss: 0.0111
Epoch 49/60 - Loss: 0.0106
Epoch 50/60 - Loss: 0.0108
Epoch 51/60 - Loss: 0.0111
Epoch 52/60 - Loss: 0.0107
Epoch 53/60 - Loss: 0.0090
Epoch 54/60 - Loss: 0.0088
Epoch 55/60 - Loss: 0.0088
Epoch 56/60 - Loss: 0.0088
Epoch 57/60 - Loss: 0.0087
Epoch 58/60 - Loss: 0.0084
Epoch 59/60 - Loss: 0.0082
Epoch 60/60 - Loss: 0.0083
Model saved to mamba_angle_model.pt
Job finished on Mon Aug  4 14:04:41 BST 2025
==============================================================================
Running epilogue script on indigo54.

Submit time  : 2025-08-04T02:58:36
Start time   : 2025-08-04T02:58:36
End time     : 2025-08-04T14:04:41
Elapsed time : 11:06:05 (Timelimit=2-02:00:00)

Job ID: 7639686
Cluster: i5
User/Group: ym4c23/fp
State: COMPLETED (exit code 0)
Nodes: 1
Cores per node: 8
CPU Utilized: 14:20:23
CPU Efficiency: 16.15% of 3-16:48:40 core-walltime
Job Wall-clock time: 11:06:05
Memory Utilized: 3.88 GB
Memory Efficiency: 0.00% of 16.00 B

